<?xml version="1.0" encoding="UTF-8" ?>
<testsuite errors="6" failures="10" hostname="localhost" name="finalproject.AvlTreeTest" skipped="0" tests="16" time="0.17" timestamp="2014-01-16T00:46:06">
  <properties>
[...]
</properties>
  <testcase classname="finalproject.AvlTreeTest" name="testSetNode" time="0.012">
    <failure message="The test case is a prototype." type="junit.framework.AssertionFailedError">junit.framework.AssertionFailedError: The test case is a prototype.
	at finalproject.AvlTreeTest.testSetNode(AvlTreeTest.java:87)
</failure>
  </testcase>
  <testcase classname="finalproject.AvlTreeTest" name="testRotateLeft_0args" time="0.004">
    <error type="java.lang.NullPointerException">java.lang.NullPointerException
	at finalproject.AvlTree.RotateLeft(AvlTree.java:130)
	at finalproject.AvlTree.RotateLeft(AvlTree.java:70)
	at finalproject.AvlTreeTest.testRotateLeft_0args(AvlTreeTest.java:98)
</error>
  </testcase>
  <testcase classname="finalproject.AvlTreeTest" name="testRotateRight_0args" time="0.005">
    <error type="java.lang.NullPointerException">java.lang.NullPointerException
	at finalproject.AvlTree.RotateRight(AvlTree.java:111)
	at finalproject.AvlTree.RotateRight(AvlTree.java:82)
	at finalproject.AvlTreeTest.testRotateRight_0args(AvlTreeTest.java:112)
</error>
  </testcase>
  <testcase classname="finalproject.AvlTreeTest" name="testIsBalanced_0args" time="0.004">
    <error type="java.lang.NullPointerException">java.lang.NullPointerException
	at finalproject.AvlTree.isBalanced(AvlTree.java:179)
	at finalproject.AvlTree.isBalanced(AvlTree.java:96)
	at finalproject.AvlTreeTest.testIsBalanced_0args(AvlTreeTest.java:126)
</error>
  </testcase>
  <testcase classname="finalproject.AvlTreeTest" name="testAvlHeight" time="0.004">
    <failure message="The test case is a prototype." type="junit.framework.AssertionFailedError">junit.framework.AssertionFailedError: The test case is a prototype.
	at finalproject.AvlTreeTest.testAvlHeight(AvlTreeTest.java:174)
</failure>
  </testcase>
  <testcase classname="finalproject.AvlTreeTest" name="testRotateRight_AvlNode" time="0.004">
    <error type="java.lang.NullPointerException">java.lang.NullPointerException
	at finalproject.AvlTree.RotateRight(AvlTree.java:111)
	at finalproject.AvlTreeTest.testRotateRight_AvlNode(AvlTreeTest.java:141)
</error>
  </testcase>
  <testcase classname="finalproject.AvlTreeTest" name="testRotateLeft_AvlNode" time="0.002">
    <error type="java.lang.NullPointerException">java.lang.NullPointerException
	at finalproject.AvlTree.RotateLeft(AvlTree.java:130)
	at finalproject.AvlTreeTest.testRotateLeft_AvlNode(AvlTreeTest.java:156)
</error>
  </testcase>
  <testcase classname="finalproject.AvlTreeTest" name="testIsBalanced_AvlNode" time="0.003">
    <error type="java.lang.NullPointerException">java.lang.NullPointerException
	at finalproject.AvlTree.isBalanced(AvlTree.java:179)
	at finalproject.AvlTreeTest.testIsBalanced_AvlNode(AvlTreeTest.java:186)
</error>
  </testcase>
  <testcase classname="finalproject.AvlTreeTest" name="testFindMinimum" time="0.002">
    <failure message="The test case is a prototype." type="junit.framework.AssertionFailedError">junit.framework.AssertionFailedError: The test case is a prototype.
	at finalproject.AvlTreeTest.testFindMinimum(AvlTreeTest.java:204)
</failure>
  </testcase>
  <testcase classname="finalproject.AvlTreeTest" name="testDeleteMinimum" time="0.002">
    <failure message="The test case is a prototype." type="junit.framework.AssertionFailedError">junit.framework.AssertionFailedError: The test case is a prototype.
	at finalproject.AvlTreeTest.testDeleteMinimum(AvlTreeTest.java:219)
</failure>
  </testcase>
  <testcase classname="finalproject.AvlTreeTest" name="testGetNode" time="0.002">
    <failure message="The test case is a prototype." type="junit.framework.AssertionFailedError">junit.framework.AssertionFailedError: The test case is a prototype.
	at finalproject.AvlTreeTest.testGetNode(AvlTreeTest.java:74)
</failure>
  </testcase>
  <testcase classname="finalproject.AvlTreeTest" name="testInsertIntoAVL_AvlNode_AvlNode" time="0.002">
    <failure message="The test case is a prototype." type="junit.framework.AssertionFailedError">junit.framework.AssertionFailedError: The test case is a prototype.
	at finalproject.AvlTreeTest.testInsertIntoAVL_AvlNode_AvlNode(AvlTreeTest.java:235)
</failure>
  </testcase>
  <testcase classname="finalproject.AvlTreeTest" name="testInsertIntoAVL_KeyValue" time="0.002">
    <failure message="expected:&lt;null&gt; but was:&lt;finalproject.AvlNode@6c7d3bc4&gt;" type="junit.framework.AssertionFailedError">junit.framework.AssertionFailedError: expected:&lt;null&gt; but was:&lt;finalproject.AvlNode@6c7d3bc4&gt;
	at finalproject.AvlTreeTest.testInsertIntoAVL_KeyValue(AvlTreeTest.java:248)
</failure>
  </testcase>
  <testcase classname="finalproject.AvlTreeTest" name="testDeleteKeyFromTree" time="0.002">
    <failure message="The test case is a prototype." type="junit.framework.AssertionFailedError">junit.framework.AssertionFailedError: The test case is a prototype.
	at finalproject.AvlTreeTest.testDeleteKeyFromTree(AvlTreeTest.java:265)
</failure>
  </testcase>
  <testcase classname="finalproject.AvlTreeTest" name="testDeleteNodeFromTree" time="0.002">
    <failure message="The test case is a prototype." type="junit.framework.AssertionFailedError">junit.framework.AssertionFailedError: The test case is a prototype.
	at finalproject.AvlTreeTest.testDeleteNodeFromTree(AvlTreeTest.java:281)
</failure>
  </testcase>
  <testcase classname="finalproject.AvlTreeTest" name="testMain" time="0.005">
    <failure message="The test case is a prototype." type="junit.framework.AssertionFailedError">junit.framework.AssertionFailedError: The test case is a prototype.
	at finalproject.AvlTreeTest.testMain(AvlTreeTest.java:293)
</failure>
  </testcase>
  <system-out><![CDATA[setNode
RotateLeft
RotateRight
isBalanced
AvlHeight
RotateRight
RotateLeft
isBalanced
findMinimum
deleteMinimum
getNode
insertIntoAVL
insertIntoAVL
deleteKeyFromTree
deleteNodeFromTree
main
]]></system-out>
  <system-err><![CDATA[]]></system-err>
</testsuite>
